<?xml version="1.0" encoding="UTF-8"?>
<coverage generated="1611873204901" clover="3.2.0">
  <project timestamp="1611873204901" name="All files">
    <metrics statements="41" coveredstatements="41" conditionals="8" coveredconditionals="8" methods="29" coveredmethods="29" elements="78" coveredelements="78" complexity="0" loc="41" ncloc="41" packages="1" files="1" classes="1"/>
    <file name="index.js" path="/Users/philippostsamantanis/Developer/courses/few2.1/string-lib/index.js">
      <metrics statements="41" coveredstatements="41" conditionals="8" coveredconditionals="8" methods="29" coveredmethods="29"/>
      <line num="1" count="38" type="stmt"/>
      <line num="3" count="8" type="stmt"/>
      <line num="5" count="8" type="stmt"/>
      <line num="7" count="1" type="stmt"/>
      <line num="8" count="8" type="stmt"/>
      <line num="9" count="16" type="cond" truecount="2" falsecount="0"/>
      <line num="12" count="1" type="stmt"/>
      <line num="13" count="4" type="stmt"/>
      <line num="14" count="10" type="stmt"/>
      <line num="17" count="50" type="stmt"/>
      <line num="19" count="8" type="stmt"/>
      <line num="21" count="8" type="stmt"/>
      <line num="23" count="1" type="stmt"/>
      <line num="24" count="8" type="stmt"/>
      <line num="25" count="18" type="cond" truecount="2" falsecount="0"/>
      <line num="26" count="10" type="stmt"/>
      <line num="28" count="8" type="stmt"/>
      <line num="33" count="4" type="stmt"/>
      <line num="35" count="56" type="cond" truecount="2" falsecount="0"/>
      <line num="37" count="34" type="cond" truecount="2" falsecount="0"/>
      <line num="39" count="1" type="stmt"/>
      <line num="40" count="3" type="stmt"/>
      <line num="43" count="1" type="stmt"/>
      <line num="44" count="4" type="stmt"/>
      <line num="47" count="1" type="stmt"/>
      <line num="48" count="3" type="stmt"/>
      <line num="51" count="1" type="stmt"/>
      <line num="52" count="4" type="stmt"/>
      <line num="55" count="1" type="stmt"/>
      <line num="56" count="4" type="stmt"/>
      <line num="59" count="1" type="stmt"/>
      <line num="60" count="4" type="stmt"/>
      <line num="63" count="1" type="stmt"/>
      <line num="64" count="4" type="stmt"/>
      <line num="67" count="1" type="stmt"/>
      <line num="68" count="4" type="stmt"/>
      <line num="71" count="1" type="stmt"/>
      <line num="72" count="4" type="stmt"/>
      <line num="75" count="1" type="stmt"/>
      <line num="76" count="3" type="stmt"/>
      <line num="79" count="1" type="stmt"/>
    </file>
  </project>
</coverage>
