{"/Users/philippostsamantanis/Developer/courses/few2.1/string-lib/index.js": {"path":"/Users/philippostsamantanis/Developer/courses/few2.1/string-lib/index.js","statementMap":{"0":{"start":{"line":1,"column":0},"end":{"line":1,"column":87}},"1":{"start":{"line":1,"column":22},"end":{"line":1,"column":86}},"2":{"start":{"line":3,"column":0},"end":{"line":3,"column":37}},"3":{"start":{"line":3,"column":19},"end":{"line":3,"column":36}},"4":{"start":{"line":5,"column":0},"end":{"line":5,"column":87}},"5":{"start":{"line":5,"column":27},"end":{"line":5,"column":86}},"6":{"start":{"line":5,"column":59},"end":{"line":5,"column":75}},"7":{"start":{"line":7,"column":0},"end":{"line":10,"column":1}},"8":{"start":{"line":8,"column":20},"end":{"line":8,"column":77}},"9":{"start":{"line":9,"column":4},"end":{"line":9,"column":101}},"10":{"start":{"line":9,"column":40},"end":{"line":9,"column":89}},"11":{"start":{"line":12,"column":0},"end":{"line":15,"column":1}},"12":{"start":{"line":13,"column":23},"end":{"line":13,"column":41}},"13":{"start":{"line":14,"column":4},"end":{"line":14,"column":100}},"14":{"start":{"line":14,"column":54},"end":{"line":14,"column":85}},"15":{"start":{"line":17,"column":0},"end":{"line":17,"column":91}},"16":{"start":{"line":17,"column":29},"end":{"line":17,"column":90}},"17":{"start":{"line":17,"column":68},"end":{"line":17,"column":79}},"18":{"start":{"line":19,"column":0},"end":{"line":19,"column":106}},"19":{"start":{"line":19,"column":21},"end":{"line":19,"column":105}},"20":{"start":{"line":21,"column":0},"end":{"line":21,"column":106}},"21":{"start":{"line":21,"column":21},"end":{"line":21,"column":105}},"22":{"start":{"line":23,"column":0},"end":{"line":31,"column":1}},"23":{"start":{"line":24,"column":4},"end":{"line":30,"column":16}},"24":{"start":{"line":25,"column":8},"end":{"line":29,"column":9}},"25":{"start":{"line":26,"column":12},"end":{"line":26,"column":62}},"26":{"start":{"line":28,"column":12},"end":{"line":28,"column":65}},"27":{"start":{"line":33,"column":0},"end":{"line":33,"column":98}},"28":{"start":{"line":33,"column":27},"end":{"line":33,"column":97}},"29":{"start":{"line":35,"column":0},"end":{"line":35,"column":130}},"30":{"start":{"line":35,"column":19},"end":{"line":35,"column":130}},"31":{"start":{"line":35,"column":59},"end":{"line":35,"column":120}},"32":{"start":{"line":37,"column":0},"end":{"line":37,"column":131}},"33":{"start":{"line":37,"column":20},"end":{"line":37,"column":131}},"34":{"start":{"line":37,"column":60},"end":{"line":37,"column":121}},"35":{"start":{"line":39,"column":0},"end":{"line":41,"column":1}},"36":{"start":{"line":40,"column":4},"end":{"line":40,"column":28}},"37":{"start":{"line":43,"column":0},"end":{"line":45,"column":1}},"38":{"start":{"line":44,"column":4},"end":{"line":44,"column":25}},"39":{"start":{"line":47,"column":0},"end":{"line":49,"column":1}},"40":{"start":{"line":48,"column":4},"end":{"line":48,"column":33}},"41":{"start":{"line":51,"column":0},"end":{"line":53,"column":1}},"42":{"start":{"line":52,"column":4},"end":{"line":52,"column":36}},"43":{"start":{"line":55,"column":0},"end":{"line":57,"column":1}},"44":{"start":{"line":56,"column":4},"end":{"line":56,"column":35}},"45":{"start":{"line":59,"column":0},"end":{"line":61,"column":1}},"46":{"start":{"line":60,"column":4},"end":{"line":60,"column":27}},"47":{"start":{"line":63,"column":0},"end":{"line":65,"column":1}},"48":{"start":{"line":64,"column":4},"end":{"line":64,"column":27}},"49":{"start":{"line":67,"column":0},"end":{"line":69,"column":1}},"50":{"start":{"line":68,"column":4},"end":{"line":68,"column":27}},"51":{"start":{"line":71,"column":0},"end":{"line":73,"column":1}},"52":{"start":{"line":72,"column":4},"end":{"line":72,"column":25}},"53":{"start":{"line":75,"column":0},"end":{"line":77,"column":1}},"54":{"start":{"line":76,"column":4},"end":{"line":76,"column":26}},"55":{"start":{"line":79,"column":0},"end":{"line":92,"column":1}}},"fnMap":{"0":{"name":"(anonymous_0)","decl":{"start":{"line":1,"column":13},"end":{"line":1,"column":14}},"loc":{"start":{"line":1,"column":22},"end":{"line":1,"column":86}},"line":1},"1":{"name":"(anonymous_1)","decl":{"start":{"line":3,"column":10},"end":{"line":3,"column":11}},"loc":{"start":{"line":3,"column":19},"end":{"line":3,"column":36}},"line":3},"2":{"name":"(anonymous_2)","decl":{"start":{"line":5,"column":18},"end":{"line":5,"column":19}},"loc":{"start":{"line":5,"column":27},"end":{"line":5,"column":86}},"line":5},"3":{"name":"(anonymous_3)","decl":{"start":{"line":5,"column":46},"end":{"line":5,"column":47}},"loc":{"start":{"line":5,"column":59},"end":{"line":5,"column":75}},"line":5},"4":{"name":"(anonymous_4)","decl":{"start":{"line":7,"column":21},"end":{"line":7,"column":22}},"loc":{"start":{"line":7,"column":30},"end":{"line":10,"column":1}},"line":7},"5":{"name":"(anonymous_5)","decl":{"start":{"line":9,"column":30},"end":{"line":9,"column":31}},"loc":{"start":{"line":9,"column":40},"end":{"line":9,"column":89}},"line":9},"6":{"name":"(anonymous_6)","decl":{"start":{"line":12,"column":10},"end":{"line":12,"column":11}},"loc":{"start":{"line":12,"column":19},"end":{"line":15,"column":1}},"line":12},"7":{"name":"(anonymous_7)","decl":{"start":{"line":14,"column":39},"end":{"line":14,"column":40}},"loc":{"start":{"line":14,"column":54},"end":{"line":14,"column":85}},"line":14},"8":{"name":"(anonymous_8)","decl":{"start":{"line":17,"column":20},"end":{"line":17,"column":21}},"loc":{"start":{"line":17,"column":29},"end":{"line":17,"column":90}},"line":17},"9":{"name":"(anonymous_9)","decl":{"start":{"line":17,"column":58},"end":{"line":17,"column":59}},"loc":{"start":{"line":17,"column":68},"end":{"line":17,"column":79}},"line":17},"10":{"name":"(anonymous_10)","decl":{"start":{"line":19,"column":12},"end":{"line":19,"column":13}},"loc":{"start":{"line":19,"column":21},"end":{"line":19,"column":105}},"line":19},"11":{"name":"(anonymous_11)","decl":{"start":{"line":21,"column":12},"end":{"line":21,"column":13}},"loc":{"start":{"line":21,"column":21},"end":{"line":21,"column":105}},"line":21},"12":{"name":"(anonymous_12)","decl":{"start":{"line":23,"column":12},"end":{"line":23,"column":13}},"loc":{"start":{"line":23,"column":21},"end":{"line":31,"column":1}},"line":23},"13":{"name":"(anonymous_13)","decl":{"start":{"line":24,"column":51},"end":{"line":24,"column":52}},"loc":{"start":{"line":24,"column":64},"end":{"line":30,"column":5}},"line":24},"14":{"name":"(anonymous_14)","decl":{"start":{"line":33,"column":8},"end":{"line":33,"column":9}},"loc":{"start":{"line":33,"column":27},"end":{"line":33,"column":97}},"line":33},"15":{"name":"(anonymous_15)","decl":{"start":{"line":35,"column":10},"end":{"line":35,"column":11}},"loc":{"start":{"line":35,"column":19},"end":{"line":35,"column":130}},"line":35},"16":{"name":"(anonymous_16)","decl":{"start":{"line":35,"column":37},"end":{"line":35,"column":38}},"loc":{"start":{"line":35,"column":59},"end":{"line":35,"column":120}},"line":35},"17":{"name":"(anonymous_17)","decl":{"start":{"line":37,"column":11},"end":{"line":37,"column":12}},"loc":{"start":{"line":37,"column":20},"end":{"line":37,"column":131}},"line":37},"18":{"name":"(anonymous_18)","decl":{"start":{"line":37,"column":38},"end":{"line":37,"column":39}},"loc":{"start":{"line":37,"column":60},"end":{"line":37,"column":121}},"line":37},"19":{"name":"(anonymous_19)","decl":{"start":{"line":39,"column":30},"end":{"line":39,"column":31}},"loc":{"start":{"line":39,"column":42},"end":{"line":41,"column":1}},"line":39},"20":{"name":"(anonymous_20)","decl":{"start":{"line":43,"column":27},"end":{"line":43,"column":28}},"loc":{"start":{"line":43,"column":39},"end":{"line":45,"column":1}},"line":43},"21":{"name":"(anonymous_21)","decl":{"start":{"line":47,"column":35},"end":{"line":47,"column":36}},"loc":{"start":{"line":47,"column":47},"end":{"line":49,"column":1}},"line":47},"22":{"name":"(anonymous_22)","decl":{"start":{"line":51,"column":38},"end":{"line":51,"column":39}},"loc":{"start":{"line":51,"column":50},"end":{"line":53,"column":1}},"line":51},"23":{"name":"(anonymous_23)","decl":{"start":{"line":55,"column":37},"end":{"line":55,"column":38}},"loc":{"start":{"line":55,"column":49},"end":{"line":57,"column":1}},"line":55},"24":{"name":"(anonymous_24)","decl":{"start":{"line":59,"column":29},"end":{"line":59,"column":30}},"loc":{"start":{"line":59,"column":41},"end":{"line":61,"column":1}},"line":59},"25":{"name":"(anonymous_25)","decl":{"start":{"line":63,"column":29},"end":{"line":63,"column":30}},"loc":{"start":{"line":63,"column":41},"end":{"line":65,"column":1}},"line":63},"26":{"name":"(anonymous_26)","decl":{"start":{"line":67,"column":29},"end":{"line":67,"column":30}},"loc":{"start":{"line":67,"column":41},"end":{"line":69,"column":1}},"line":67},"27":{"name":"(anonymous_27)","decl":{"start":{"line":71,"column":27},"end":{"line":71,"column":28}},"loc":{"start":{"line":71,"column":39},"end":{"line":73,"column":1}},"line":71},"28":{"name":"(anonymous_28)","decl":{"start":{"line":75,"column":28},"end":{"line":75,"column":29}},"loc":{"start":{"line":75,"column":40},"end":{"line":77,"column":1}},"line":75}},"branchMap":{"0":{"loc":{"start":{"line":9,"column":40},"end":{"line":9,"column":89}},"type":"cond-expr","locations":[{"start":{"line":9,"column":66},"end":{"line":9,"column":82}},{"start":{"line":9,"column":85},"end":{"line":9,"column":89}}],"line":9},"1":{"loc":{"start":{"line":25,"column":8},"end":{"line":29,"column":9}},"type":"if","locations":[{"start":{"line":25,"column":8},"end":{"line":29,"column":9}},{"start":{"line":25,"column":8},"end":{"line":29,"column":9}}],"line":25},"2":{"loc":{"start":{"line":35,"column":59},"end":{"line":35,"column":120}},"type":"cond-expr","locations":[{"start":{"line":35,"column":71},"end":{"line":35,"column":94}},{"start":{"line":35,"column":97},"end":{"line":35,"column":120}}],"line":35},"3":{"loc":{"start":{"line":37,"column":60},"end":{"line":37,"column":121}},"type":"cond-expr","locations":[{"start":{"line":37,"column":72},"end":{"line":37,"column":95}},{"start":{"line":37,"column":98},"end":{"line":37,"column":121}}],"line":37}},"s":{"0":1,"1":38,"2":1,"3":8,"4":1,"5":6,"6":8,"7":1,"8":8,"9":8,"10":16,"11":1,"12":4,"13":4,"14":10,"15":1,"16":24,"17":50,"18":1,"19":8,"20":1,"21":8,"22":1,"23":8,"24":18,"25":10,"26":8,"27":1,"28":4,"29":1,"30":8,"31":56,"32":1,"33":6,"34":34,"35":1,"36":3,"37":1,"38":4,"39":1,"40":3,"41":1,"42":4,"43":1,"44":4,"45":1,"46":4,"47":1,"48":4,"49":1,"50":4,"51":1,"52":4,"53":1,"54":3,"55":1},"f":{"0":38,"1":8,"2":6,"3":8,"4":8,"5":16,"6":4,"7":10,"8":24,"9":50,"10":8,"11":8,"12":8,"13":18,"14":4,"15":8,"16":56,"17":6,"18":34,"19":3,"20":4,"21":3,"22":4,"23":4,"24":4,"25":4,"26":4,"27":4,"28":3},"b":{"0":[14,2],"1":[10,8],"2":[24,32],"3":[14,20]},"_coverageSchema":"1a1c01bbd47fc00a2c39e90264f33305004495a9","hash":"976defdf1814e37ba2ab6abbd4496db3497d78c6"}
}
