TN:
SF:index.js
FN:1,(anonymous_0)
FN:3,(anonymous_1)
FN:5,(anonymous_2)
FN:5,(anonymous_3)
FN:7,(anonymous_4)
FN:9,(anonymous_5)
FN:12,(anonymous_6)
FN:14,(anonymous_7)
FN:17,(anonymous_8)
FN:17,(anonymous_9)
FN:19,(anonymous_10)
FN:21,(anonymous_11)
FN:23,(anonymous_12)
FN:24,(anonymous_13)
FN:33,(anonymous_14)
FN:35,(anonymous_15)
FN:35,(anonymous_16)
FN:37,(anonymous_17)
FN:37,(anonymous_18)
FN:39,(anonymous_19)
FN:43,(anonymous_20)
FN:47,(anonymous_21)
FN:51,(anonymous_22)
FN:55,(anonymous_23)
FN:59,(anonymous_24)
FN:63,(anonymous_25)
FN:67,(anonymous_26)
FN:71,(anonymous_27)
FN:75,(anonymous_28)
FNF:29
FNH:29
FNDA:38,(anonymous_0)
FNDA:8,(anonymous_1)
FNDA:6,(anonymous_2)
FNDA:8,(anonymous_3)
FNDA:8,(anonymous_4)
FNDA:16,(anonymous_5)
FNDA:4,(anonymous_6)
FNDA:10,(anonymous_7)
FNDA:24,(anonymous_8)
FNDA:50,(anonymous_9)
FNDA:8,(anonymous_10)
FNDA:8,(anonymous_11)
FNDA:8,(anonymous_12)
FNDA:18,(anonymous_13)
FNDA:4,(anonymous_14)
FNDA:8,(anonymous_15)
FNDA:56,(anonymous_16)
FNDA:6,(anonymous_17)
FNDA:34,(anonymous_18)
FNDA:3,(anonymous_19)
FNDA:4,(anonymous_20)
FNDA:3,(anonymous_21)
FNDA:4,(anonymous_22)
FNDA:4,(anonymous_23)
FNDA:4,(anonymous_24)
FNDA:4,(anonymous_25)
FNDA:4,(anonymous_26)
FNDA:4,(anonymous_27)
FNDA:3,(anonymous_28)
DA:1,38
DA:3,8
DA:5,8
DA:7,1
DA:8,8
DA:9,16
DA:12,1
DA:13,4
DA:14,10
DA:17,50
DA:19,8
DA:21,8
DA:23,1
DA:24,8
DA:25,18
DA:26,10
DA:28,8
DA:33,4
DA:35,56
DA:37,34
DA:39,1
DA:40,3
DA:43,1
DA:44,4
DA:47,1
DA:48,3
DA:51,1
DA:52,4
DA:55,1
DA:56,4
DA:59,1
DA:60,4
DA:63,1
DA:64,4
DA:67,1
DA:68,4
DA:71,1
DA:72,4
DA:75,1
DA:76,3
DA:79,1
LF:41
LH:41
BRDA:9,0,0,14
BRDA:9,0,1,2
BRDA:25,1,0,10
BRDA:25,1,1,8
BRDA:35,2,0,24
BRDA:35,2,1,32
BRDA:37,3,0,14
BRDA:37,3,1,20
BRF:8
BRH:8
end_of_record
